<?xml version="1.0" encoding="UTF-8"?>
<testng-results skipped="0" failed="0" total="2" passed="2">
  <reporter-output>
  </reporter-output>
  <suite name="Suite" duration-ms="104416" started-at="2017-12-24T05:13:01Z" finished-at="2017-12-24T05:14:45Z">
    <groups>
    </groups>
    <test name="Test" duration-ms="104416" started-at="2017-12-24T05:13:01Z" finished-at="2017-12-24T05:14:45Z">
      <class name="pagetests.CreateLead">
        <test-method status="PASS" signature="beforeSuite()[pri:0, instance:pagetests.CreateLead@1554825]" name="beforeSuite" is-config="true" duration-ms="2063" started-at="2017-12-24T10:42:59Z" finished-at="2017-12-24T10:43:01Z">
          <reporter-output>
          </reporter-output>
        </test-method> <!-- beforeSuite -->
        <test-method status="PASS" signature="beforeTest()[pri:0, instance:pagetests.CreateLead@1554825]" name="beforeTest" is-config="true" duration-ms="1" started-at="2017-12-24T10:43:01Z" finished-at="2017-12-24T10:43:01Z">
          <reporter-output>
          </reporter-output>
        </test-method> <!-- beforeTest -->
        <test-method status="PASS" signature="getValue()[pri:0, instance:pagetests.CreateLead@1554825]" name="getValue" is-config="true" duration-ms="0" started-at="2017-12-24T10:43:01Z" finished-at="2017-12-24T10:43:01Z">
          <reporter-output>
          </reporter-output>
        </test-method> <!-- getValue -->
        <test-method status="PASS" signature="beforeMethod()[pri:0, instance:pagetests.CreateLead@1554825]" name="beforeMethod" is-config="true" duration-ms="31998" started-at="2017-12-24T10:43:05Z" finished-at="2017-12-24T10:43:37Z">
          <reporter-output>
          </reporter-output>
        </test-method> <!-- beforeMethod -->
        <test-method status="PASS" signature="createLead(java.lang.String, java.lang.String, java.lang.String, java.lang.String, java.lang.String, java.lang.String)[pri:0, instance:pagetests.CreateLead@1554825]" name="createLead" duration-ms="22285" started-at="2017-12-24T10:43:37Z" data-provider="fetchData" finished-at="2017-12-24T10:43:59Z">
          <params>
            <param index="0">
              <value>
                <![CDATA[PES]]>
              </value>
            </param>
            <param index="1">
              <value>
                <![CDATA[Muthukumar]]>
              </value>
            </param>
            <param index="2">
              <value>
                <![CDATA[Mahadevan]]>
              </value>
            </param>
            <param index="3">
              <value>
                <![CDATA[91]]>
              </value>
            </param>
            <param index="4">
              <value>
                <![CDATA[9962457576]]>
              </value>
            </param>
            <param index="5">
              <value>
                <![CDATA[itsme.muthukumar91@gmail.com]]>
              </value>
            </param>
          </params>
          <reporter-output>
          </reporter-output>
        </test-method> <!-- createLead -->
        <test-method status="PASS" signature="afterMethod()[pri:0, instance:pagetests.CreateLead@1554825]" name="afterMethod" is-config="true" duration-ms="990" started-at="2017-12-24T10:43:59Z" finished-at="2017-12-24T10:44:00Z">
          <reporter-output>
          </reporter-output>
        </test-method> <!-- afterMethod -->
        <test-method status="PASS" signature="beforeMethod()[pri:0, instance:pagetests.CreateLead@1554825]" name="beforeMethod" is-config="true" duration-ms="23735" started-at="2017-12-24T10:44:00Z" finished-at="2017-12-24T10:44:24Z">
          <reporter-output>
          </reporter-output>
        </test-method> <!-- beforeMethod -->
        <test-method status="PASS" signature="createLead(java.lang.String, java.lang.String, java.lang.String, java.lang.String, java.lang.String, java.lang.String)[pri:0, instance:pagetests.CreateLead@1554825]" name="createLead" duration-ms="21062" started-at="2017-12-24T10:44:24Z" data-provider="fetchData" finished-at="2017-12-24T10:44:45Z">
          <params>
            <param index="0">
              <value>
                <![CDATA[Pacific E-solution]]>
              </value>
            </param>
            <param index="1">
              <value>
                <![CDATA[Muthukumar]]>
              </value>
            </param>
            <param index="2">
              <value>
                <![CDATA[M]]>
              </value>
            </param>
            <param index="3">
              <value>
                <![CDATA[91]]>
              </value>
            </param>
            <param index="4">
              <value>
                <![CDATA[9941686986]]>
              </value>
            </param>
            <param index="5">
              <value>
                <![CDATA[muthukumarm@outlook.in]]>
              </value>
            </param>
          </params>
          <reporter-output>
          </reporter-output>
        </test-method> <!-- createLead -->
        <test-method status="PASS" signature="afterMethod()[pri:0, instance:pagetests.CreateLead@1554825]" name="afterMethod" is-config="true" duration-ms="728" started-at="2017-12-24T10:44:45Z" finished-at="2017-12-24T10:44:45Z">
          <reporter-output>
          </reporter-output>
        </test-method> <!-- afterMethod -->
        <test-method status="PASS" signature="afterTest()[pri:0, instance:pagetests.CreateLead@1554825]" name="afterTest" is-config="true" duration-ms="1" started-at="2017-12-24T10:44:45Z" finished-at="2017-12-24T10:44:45Z">
          <reporter-output>
          </reporter-output>
        </test-method> <!-- afterTest -->
        <test-method status="PASS" signature="afterSuite()[pri:0, instance:pagetests.CreateLead@1554825]" name="afterSuite" is-config="true" duration-ms="1170" started-at="2017-12-24T10:44:45Z" finished-at="2017-12-24T10:44:47Z">
          <reporter-output>
          </reporter-output>
        </test-method> <!-- afterSuite -->
      </class> <!-- pagetests.CreateLead -->
    </test> <!-- Test -->
  </suite> <!-- Suite -->
</testng-results>
